Using pre-set license
Built from '2022.3/staging' branch; Version is '2022.3.11f1 (d00248457e15) revision 13632072'; Using compiler version '192829333'; Build Type 'Release'
OS: 'Windows 11  (10.0.22631) 64bit CoreSingleLanguage' Language: 'en' Physical Memory: 7521 MB
BatchMode: 1, IsHumanControllingUs: 0, StartBugReporterOnCrash: 0, Is64bit: 1, IsPro: 1

COMMAND LINE ARGUMENTS:
C:\Program Files\Unity\Hub\Editor\2022.3.11f1\Editor\Unity.exe
-adb2
-batchMode
-noUpm
-name
AssetImportWorker0
-projectPath
D:/Jet Turbine Simulation
-logFile
Logs/AssetImportWorker0.log
-srvPort
54604
Successfully changed project path to: D:/Jet Turbine Simulation
D:/Jet Turbine Simulation
[UnityMemory] Configuration Parameters - Can be set up in boot.config
    "memorysetup-bucket-allocator-granularity=16"
    "memorysetup-bucket-allocator-bucket-count=8"
    "memorysetup-bucket-allocator-block-size=33554432"
    "memorysetup-bucket-allocator-block-count=8"
    "memorysetup-main-allocator-block-size=16777216"
    "memorysetup-thread-allocator-block-size=16777216"
    "memorysetup-gfx-main-allocator-block-size=16777216"
    "memorysetup-gfx-thread-allocator-block-size=16777216"
    "memorysetup-cache-allocator-block-size=4194304"
    "memorysetup-typetree-allocator-block-size=2097152"
    "memorysetup-profiler-bucket-allocator-granularity=16"
    "memorysetup-profiler-bucket-allocator-bucket-count=8"
    "memorysetup-profiler-bucket-allocator-block-size=33554432"
    "memorysetup-profiler-bucket-allocator-block-count=8"
    "memorysetup-profiler-allocator-block-size=16777216"
    "memorysetup-profiler-editor-allocator-block-size=1048576"
    "memorysetup-temp-allocator-size-main=16777216"
    "memorysetup-job-temp-allocator-block-size=2097152"
    "memorysetup-job-temp-allocator-block-size-background=1048576"
    "memorysetup-job-temp-allocator-reduction-small-platforms=262144"
    "memorysetup-allocator-temp-initial-block-size-main=262144"
    "memorysetup-allocator-temp-initial-block-size-worker=262144"
    "memorysetup-temp-allocator-size-background-worker=32768"
    "memorysetup-temp-allocator-size-job-worker=262144"
    "memorysetup-temp-allocator-size-preload-manager=33554432"
    "memorysetup-temp-allocator-size-nav-mesh-worker=65536"
    "memorysetup-temp-allocator-size-audio-worker=65536"
    "memorysetup-temp-allocator-size-cloud-worker=32768"
    "memorysetup-temp-allocator-size-gi-baking-worker=262144"
    "memorysetup-temp-allocator-size-gfx=262144"
Player connection [33436] Host "[IP] 192.168.29.19 [Port] 0 [Flags] 2 [Guid] 71832879 [EditorId] 71832879 [Version] 1048832 [Id] WindowsEditor(7,LAPTOP-O16HOK2S) [Debug] 1 [PackageName] WindowsEditor [ProjectName] Editor" joined multi-casting on [225.0.0.222:54997]...

Player connection [33436] Host "[IP] 192.168.29.19 [Port] 0 [Flags] 2 [Guid] 71832879 [EditorId] 71832879 [Version] 1048832 [Id] WindowsEditor(7,LAPTOP-O16HOK2S) [Debug] 1 [PackageName] WindowsEditor [ProjectName] Editor" joined alternative multi-casting on [225.0.0.222:34997]...

[Physics::Module] Initialized MultithreadedJobDispatcher with 11 workers.
Refreshing native plugins compatible for Editor in 12.11 ms, found 4 plugins.
Preloading 0 native plugins for Editor in 0.00 ms.
Initialize engine version: 2022.3.11f1 (d00248457e15)
[Subsystems] Discovering subsystems at path C:/Program Files/Unity/Hub/Editor/2022.3.11f1/Editor/Data/Resources/UnitySubsystems
[Subsystems] Discovering subsystems at path D:/Jet Turbine Simulation/Assets
GfxDevice: creating device client; threaded=0; jobified=0
Direct3D:
    Version:  Direct3D 11.0 [level 11.1]
    Renderer: NVIDIA GeForce GTX 1650 (ID=0x1f99)
    Vendor:   NVIDIA
    VRAM:     3950 MB
    Driver:   31.0.15.4626
Initialize mono
Mono path[0] = 'C:/Program Files/Unity/Hub/Editor/2022.3.11f1/Editor/Data/Managed'
Mono path[1] = 'C:/Program Files/Unity/Hub/Editor/2022.3.11f1/Editor/Data/MonoBleedingEdge/lib/mono/unityjit-win32'
Mono config path = 'C:/Program Files/Unity/Hub/Editor/2022.3.11f1/Editor/Data/MonoBleedingEdge/etc'
Using monoOptions --debugger-agent=transport=dt_socket,embedding=1,server=y,suspend=n,address=127.0.0.1:56976
Begin MonoManager ReloadAssembly
Registering precompiled unity dll's ...
Register platform support module: C:/Program Files/Unity/Hub/Editor/2022.3.11f1/Editor/Data/PlaybackEngines/WebGLSupport/UnityEditor.WebGL.Extensions.dll
Register platform support module: C:/Program Files/Unity/Hub/Editor/2022.3.11f1/Editor/Data/PlaybackEngines/AndroidPlayer/UnityEditor.Android.Extensions.dll
Register platform support module: C:/Program Files/Unity/Hub/Editor/2022.3.11f1/Editor/Data/PlaybackEngines/WindowsStandaloneSupport/UnityEditor.WindowsStandalone.Extensions.dll
Registered in 0.011309 seconds.
- Loaded All Assemblies, in  0.450 seconds
Native extension for WindowsStandalone target not found
Native extension for Android target not found
Android Extension - Scanning For ADB Devices 396 ms
Native extension for WebGL target not found
Mono: successfully reloaded assembly
- Finished resetting the current domain, in  0.770 seconds
Domain Reload Profiling: 1219ms
	BeginReloadAssembly (163ms)
		ExecutionOrderSort (0ms)
		DisableScriptedObjects (0ms)
		BackupInstance (0ms)
		ReleaseScriptingObjects (0ms)
		CreateAndSetChildDomain (1ms)
	RebuildCommonClasses (33ms)
	RebuildNativeTypeToScriptingClass (10ms)
	initialDomainReloadingComplete (71ms)
	LoadAllAssembliesAndSetupDomain (171ms)
		LoadAssemblies (162ms)
		RebuildTransferFunctionScriptingTraits (0ms)
		AnalyzeDomain (167ms)
			TypeCache.Refresh (165ms)
				TypeCache.ScanAssembly (150ms)
			ScanForSourceGeneratedMonoScriptInfo (1ms)
			ResolveRequiredComponents (1ms)
	FinalizeReload (770ms)
		ReleaseScriptCaches (0ms)
		RebuildScriptCaches (0ms)
		SetupLoadedEditorAssemblies (708ms)
			LogAssemblyErrors (0ms)
			InitializePlatformSupportModulesInManaged (518ms)
			SetLoadedEditorAssemblies (5ms)
			RefreshPlugins (0ms)
			BeforeProcessingInitializeOnLoad (3ms)
			ProcessInitializeOnLoadAttributes (126ms)
			ProcessInitializeOnLoadMethodAttributes (56ms)
			AfterProcessingInitializeOnLoad (0ms)
			EditorAssembliesLoaded (0ms)
		ExecutionOrderSort2 (0ms)
		AwakeInstancesAfterBackupRestoration (0ms)
========================================================================
Worker process is ready to serve import requests
Begin MonoManager ReloadAssembly
- Loaded All Assemblies, in  0.947 seconds
Refreshing native plugins compatible for Editor in 5.35 ms, found 4 plugins.
Native extension for WindowsStandalone target not found
Native extension for Android target not found
Native extension for WebGL target not found
Package Manager log level set to [2]
[Package Manager] Server::EnsureServerProcessIsRunning -- launch failed, reason: Unity was launched with the -noUpm command-line argument
[Package Manager] UpmClient::Send -- Unable to send message (not connected to UPM process).
[Package Manager] Cannot connect to Unity Package Manager local server
[Package Manager] Server::EnsureServerProcessIsRunning -- launch failed, reason: Unity was launched with the -noUpm command-line argument
[Package Manager] UpmClient::Send -- Unable to send message (not connected to UPM process).
[Package Manager] Cannot connect to Unity Package Manager local server
Mono: successfully reloaded assembly
[Package Manager] Server::EnsureServerProcessIsRunning -- launch failed, reason: Unity was launched with the -noUpm command-line argument
[Package Manager] UpmClient::Send -- Unable to send message (not connected to UPM process).
[Package Manager] Cannot connect to Unity Package Manager local server
[Package Manager] Server::EnsureServerProcessIsRunning -- launch failed, reason: Unity was launched with the -noUpm command-line argument
[Package Manager] UpmClient::Send -- Unable to send message (not connected to UPM process).
[Package Manager] Cannot connect to Unity Package Manager local server
- Finished resetting the current domain, in  0.804 seconds
Domain Reload Profiling: 1748ms
	BeginReloadAssembly (204ms)
		ExecutionOrderSort (0ms)
		DisableScriptedObjects (6ms)
		BackupInstance (0ms)
		ReleaseScriptingObjects (0ms)
		CreateAndSetChildDomain (24ms)
	RebuildCommonClasses (36ms)
	RebuildNativeTypeToScriptingClass (16ms)
	initialDomainReloadingComplete (47ms)
	LoadAllAssembliesAndSetupDomain (641ms)
		LoadAssemblies (524ms)
		RebuildTransferFunctionScriptingTraits (0ms)
		AnalyzeDomain (258ms)
			TypeCache.Refresh (222ms)
				TypeCache.ScanAssembly (197ms)
			ScanForSourceGeneratedMonoScriptInfo (28ms)
			ResolveRequiredComponents (6ms)
	FinalizeReload (804ms)
		ReleaseScriptCaches (0ms)
		RebuildScriptCaches (0ms)
		SetupLoadedEditorAssemblies (611ms)
			LogAssemblyErrors (0ms)
			InitializePlatformSupportModulesInManaged (32ms)
			SetLoadedEditorAssemblies (5ms)
			RefreshPlugins (0ms)
			BeforeProcessingInitializeOnLoad (91ms)
			ProcessInitializeOnLoadAttributes (445ms)
			ProcessInitializeOnLoadMethodAttributes (29ms)
			AfterProcessingInitializeOnLoad (7ms)
			EditorAssembliesLoaded (0ms)
		ExecutionOrderSort2 (0ms)
		AwakeInstancesAfterBackupRestoration (6ms)
Launched and connected shader compiler UnityShaderCompiler.exe after 0.06 seconds
Refreshing native plugins compatible for Editor in 4.67 ms, found 4 plugins.
Preloading 0 native plugins for Editor in 0.00 ms.
Unloading 4492 Unused Serialized files (Serialized files now loaded: 0)
Unloading 58 unused Assets / (1.2 MB). Loaded Objects now: 4950.
Memory consumption went from 162.6 MB to 161.4 MB.
Total: 7.771600 ms (FindLiveObjects: 0.388700 ms CreateObjectMapping: 0.148000 ms MarkObjects: 5.584000 ms  DeleteObjects: 1.648700 ms)

AssetImportParameters requested are different than current active one (requested -> active):
  custom:container-demuxer-ogg: 62fdf1f143b41e24485cea50d1cbac27 -> 
  custom:video-codec-MediaFoundation-h265: 746d11721c4dcdbdad8f713fa42b33f4 -> 
  custom:video-decoder-ogg-theora: a1e56fd34408186e4bbccfd4996cb3dc -> 
  custom:framework-win-MediaFoundation: 216162199b28c13a410421893ffa2e32 -> 
  custom:container-demuxer-webm: 4f35f7cbe854078d1ac9338744f61a02 -> 
  custom:container-muxer-webm: aa71ff27fc2769a1b78a27578f13a17b -> 
  custom:video-decoder-webm-vp8: 9c59270c3fd7afecdb556c50c9e8de78 -> 
  custom:AudioImporter_EditorPlatform: d09bf68614088b80899f8185d706f6e7 -> 
  custom:video-encoder-webm-vp8: eb34c28f22e8b96e1ab97ce403110664 -> 
  custom:audio-decoder-ogg-vorbis: bf7c407c2cedff20999df2af8eb42d56 -> 
  custom:audio-encoder-webm-vorbis: bf7c407c2cedff20999df2af8eb42d56 -> 
========================================================================
Received Import Request.
  Time since last request: 1287752.300707 seconds.
  path: Assets/Assets/Jet Engine/textures/_8.png
  artifactKey: Guid(01786a90d4ba8764ca788b7500304bf5) Importer(2089858483,0ecaa5967403d082aa24f35e1b516d23)
Start importing Assets/Assets/Jet Engine/textures/_8.png using Guid(01786a90d4ba8764ca788b7500304bf5) Importer(2089858483,0ecaa5967403d082aa24f35e1b516d23)  -> (artifact id: '37c780d8b672375e1f5420fec96fe653') in 0.218444 seconds
Number of updated asset objects reloaded before import = 0
Number of asset objects unloaded after import = 1
========================================================================
Received Import Request.
  Time since last request: 0.000028 seconds.
  path: Assets/Assets/Jet Engine/textures/_9.png
  artifactKey: Guid(b7e384a52fd59e24992ce7f22fd663c5) Importer(815301076,1909f56bfc062723c751e8b465ee728b)
Start importing Assets/Assets/Jet Engine/textures/_9.png using Guid(b7e384a52fd59e24992ce7f22fd663c5) Importer(815301076,1909f56bfc062723c751e8b465ee728b)  -> (artifact id: '1834140be3651015e9eb5abc7fb81860') in 0.099727 seconds
Number of updated asset objects reloaded before import = 0
Number of asset objects unloaded after import = 2
========================================================================
Received Import Request.
  Time since last request: 0.000026 seconds.
  path: Assets/Assets/Jet Engine/meshes/containers_0_6_0.asset
  artifactKey: Guid(323d4e4db5b4a8942aede6d37b64e8c5) Importer(2089858483,0ecaa5967403d082aa24f35e1b516d23)
Start importing Assets/Assets/Jet Engine/meshes/containers_0_6_0.asset using Guid(323d4e4db5b4a8942aede6d37b64e8c5) Importer(2089858483,0ecaa5967403d082aa24f35e1b516d23)  -> (artifact id: 'a10df680e9aab673b5d9ebc6550e09d3') in 0.024812 seconds
Number of updated asset objects reloaded before import = 0
Number of asset objects unloaded after import = 1
========================================================================
Received Import Request.
  Time since last request: 0.000022 seconds.
  path: Assets/Scripts/MeshToggle.cs
  artifactKey: Guid(cfe1924f499662a41aeb2d591a330838) Importer(2089858483,0ecaa5967403d082aa24f35e1b516d23)
Start importing Assets/Scripts/MeshToggle.cs using Guid(cfe1924f499662a41aeb2d591a330838) Importer(2089858483,0ecaa5967403d082aa24f35e1b516d23)  -> (artifact id: 'c5cc6dcceccad892d02961ff78916845') in 0.014585 seconds
Number of updated asset objects reloaded before import = 0
Number of asset objects unloaded after import = 1
========================================================================
Received Import Request.
  Time since last request: 0.000023 seconds.
  path: Assets/XR/Loaders/ARKitLoader.asset
  artifactKey: Guid(046ca1687268f444486e9bb30b680a24) Importer(2089858483,0ecaa5967403d082aa24f35e1b516d23)
Start importing Assets/XR/Loaders/ARKitLoader.asset using Guid(046ca1687268f444486e9bb30b680a24) Importer(2089858483,0ecaa5967403d082aa24f35e1b516d23)  -> (artifact id: 'bc57bbf44bb69dd3ce89b0587f43748e') in 0.028141 seconds
Number of updated asset objects reloaded before import = 0
Number of asset objects unloaded after import = 1
========================================================================
Received Import Request.
  Time since last request: 0.000093 seconds.
  path: Assets/Assets/Jet Engine/textures/_7_metal.png
  artifactKey: Guid(3249bc7830cdd0f4ab627126a32f0057) Importer(815301076,1909f56bfc062723c751e8b465ee728b)
Start importing Assets/Assets/Jet Engine/textures/_7_metal.png using Guid(3249bc7830cdd0f4ab627126a32f0057) Importer(815301076,1909f56bfc062723c751e8b465ee728b)  -> (artifact id: '218cd52c38af9c6493bba32830aa9bc4') in 0.024063 seconds
Number of updated asset objects reloaded before import = 0
Number of asset objects unloaded after import = 2
========================================================================
Received Import Request.
  Time since last request: 0.000021 seconds.
  path: Assets/Assets/Jet Engine/textures/_10.png
  artifactKey: Guid(60154586aa3069243bf3844effa0269d) Importer(2089858483,0ecaa5967403d082aa24f35e1b516d23)
Start importing Assets/Assets/Jet Engine/textures/_10.png using Guid(60154586aa3069243bf3844effa0269d) Importer(2089858483,0ecaa5967403d082aa24f35e1b516d23)  -> (artifact id: '73f6b0b2def7319862bfcd26b1f4475a') in 0.040063 seconds
Number of updated asset objects reloaded before import = 0
Number of asset objects unloaded after import = 1
========================================================================
Received Import Request.
  Time since last request: 0.000020 seconds.
  path: Assets/XR/Settings/XRSimulationSettings.asset
  artifactKey: Guid(aff09aba5e66c0f47b899b5290eb6ec0) Importer(2089858483,0ecaa5967403d082aa24f35e1b516d23)
Start importing Assets/XR/Settings/XRSimulationSettings.asset using Guid(aff09aba5e66c0f47b899b5290eb6ec0) Importer(2089858483,0ecaa5967403d082aa24f35e1b516d23)  -> (artifact id: '89d3730e06ccfa17c0ca6e7e77f5f869') in 0.009782 seconds
Number of updated asset objects reloaded before import = 0
Number of asset objects unloaded after import = 1
========================================================================
Received Import Request.
  Time since last request: 0.000080 seconds.
  path: Assets/Assets/Jet Engine/meshes/tubes.001_0_26_0.asset
  artifactKey: Guid(85b6e1233af77174b9b487c016327708) Importer(2089858483,0ecaa5967403d082aa24f35e1b516d23)
Start importing Assets/Assets/Jet Engine/meshes/tubes.001_0_26_0.asset using Guid(85b6e1233af77174b9b487c016327708) Importer(2089858483,0ecaa5967403d082aa24f35e1b516d23)  -> (artifact id: '21790c47ebfdc02bc0840e8096b593b7') in 0.012807 seconds
Number of updated asset objects reloaded before import = 0
Number of asset objects unloaded after import = 1
========================================================================
Received Import Request.
  Time since last request: 0.000021 seconds.
  path: Assets/Assets/Jet Engine/materials/metal_brighter_4.mat
  artifactKey: Guid(e52823ec0ffa3554cae68ff10e983f1c) Importer(2089858483,0ecaa5967403d082aa24f35e1b516d23)
Start importing Assets/Assets/Jet Engine/materials/metal_brighter_4.mat using Guid(e52823ec0ffa3554cae68ff10e983f1c) Importer(2089858483,0ecaa5967403d082aa24f35e1b516d23)  -> (artifact id: 'd2d53804be76ba0bc926b80eb43b13c7') in 0.048155 seconds
Number of updated asset objects reloaded before import = 0
Number of asset objects unloaded after import = 4
========================================================================
Received Import Request.
  Time since last request: 0.000029 seconds.
  path: Assets/Assets/Jet Engine/textures/_3.png
  artifactKey: Guid(7a57a81e4d00876458b77947fa2edca9) Importer(815301076,1909f56bfc062723c751e8b465ee728b)
Start importing Assets/Assets/Jet Engine/textures/_3.png using Guid(7a57a81e4d00876458b77947fa2edca9) Importer(815301076,1909f56bfc062723c751e8b465ee728b)  -> (artifact id: '4ee598f7e96324b7dcd5d1dd840875ee') in 0.034182 seconds
Number of updated asset objects reloaded before import = 0
Number of asset objects unloaded after import = 2
========================================================================
Received Import Request.
  Time since last request: 0.000119 seconds.
  path: Assets/Assets/Jet Engine/textures/_7_metal.png
  artifactKey: Guid(3249bc7830cdd0f4ab627126a32f0057) Importer(2089858483,0ecaa5967403d082aa24f35e1b516d23)
Start importing Assets/Assets/Jet Engine/textures/_7_metal.png using Guid(3249bc7830cdd0f4ab627126a32f0057) Importer(2089858483,0ecaa5967403d082aa24f35e1b516d23)  -> (artifact id: '7e82af0a88e606d58ba10881a7de4a32') in 0.035561 seconds
Number of updated asset objects reloaded before import = 0
Number of asset objects unloaded after import = 1
========================================================================
Received Import Request.
  Time since last request: 0.000016 seconds.
  path: Assets/Assets/Jet Engine/meshes/fins_outside_0_5_0.asset
  artifactKey: Guid(133e67a58c802f14f9223a021d5fc32c) Importer(2089858483,0ecaa5967403d082aa24f35e1b516d23)
Start importing Assets/Assets/Jet Engine/meshes/fins_outside_0_5_0.asset using Guid(133e67a58c802f14f9223a021d5fc32c) Importer(2089858483,0ecaa5967403d082aa24f35e1b516d23)  -> (artifact id: 'ea8e48e32a80d41b5a9a2f26a40ed126') in 0.011248 seconds
Number of updated asset objects reloaded before import = 0
Number of asset objects unloaded after import = 1
========================================================================
Received Import Request.
  Time since last request: 0.000020 seconds.
  path: Assets/Assets/Jet Engine/textures/_1_metal.png
  artifactKey: Guid(d41fbe3b3f541574dbac149a45ce23d1) Importer(815301076,1909f56bfc062723c751e8b465ee728b)
Start importing Assets/Assets/Jet Engine/textures/_1_metal.png using Guid(d41fbe3b3f541574dbac149a45ce23d1) Importer(815301076,1909f56bfc062723c751e8b465ee728b)  -> (artifact id: 'da495375d3d0f3006bfd98be1cac68d2') in 0.033233 seconds
Number of updated asset objects reloaded before import = 0
Number of asset objects unloaded after import = 2
========================================================================
Received Import Request.
  Time since last request: 0.000019 seconds.
  path: Assets/Assets/Jet Engine/meshes/bolts_0_17_0.asset
  artifactKey: Guid(3b1243c8e9068f844b6cf596f7e103f0) Importer(2089858483,0ecaa5967403d082aa24f35e1b516d23)
Start importing Assets/Assets/Jet Engine/meshes/bolts_0_17_0.asset using Guid(3b1243c8e9068f844b6cf596f7e103f0) Importer(2089858483,0ecaa5967403d082aa24f35e1b516d23)  -> (artifact id: 'a693de49c2c1204c400b85a7bdd6fa3f') in 0.033845 seconds
Number of updated asset objects reloaded before import = 0
Number of asset objects unloaded after import = 1
========================================================================
Received Import Request.
  Time since last request: 0.000022 seconds.
  path: Assets/Assets/Jet Engine/meshes/turbine_hull_middle_0_13_0.asset
  artifactKey: Guid(808ea2deb89bb014f88c1721956884f3) Importer(2089858483,0ecaa5967403d082aa24f35e1b516d23)
Start importing Assets/Assets/Jet Engine/meshes/turbine_hull_middle_0_13_0.asset using Guid(808ea2deb89bb014f88c1721956884f3) Importer(2089858483,0ecaa5967403d082aa24f35e1b516d23)  -> (artifact id: '373f3f24f1c48e02f1e2007c9d2549f9') in 0.021956 seconds
Number of updated asset objects reloaded before import = 0
Number of asset objects unloaded after import = 1
========================================================================
Received Import Request.
  Time since last request: 0.000028 seconds.
  path: Assets/Assets/Audio/Jet Plane.mp3
  artifactKey: Guid(03327df9b0433b74bacf019777f4f6ba) Importer(2089858483,0ecaa5967403d082aa24f35e1b516d23)
Start importing Assets/Assets/Audio/Jet Plane.mp3 using Guid(03327df9b0433b74bacf019777f4f6ba) Importer(2089858483,0ecaa5967403d082aa24f35e1b516d23)  -> (artifact id: 'b98424f73179748e2dc5bf3adb482c50') in 0.080783 seconds
Number of updated asset objects reloaded before import = 0
Number of asset objects unloaded after import = 1
========================================================================
Received Import Request.
  Time since last request: 0.000024 seconds.
  path: Assets/Assets/Jet Engine/textures/_4.png
  artifactKey: Guid(6b2e8a1da482fd4468ae20b0c85e2de7) Importer(815301076,1909f56bfc062723c751e8b465ee728b)
Start importing Assets/Assets/Jet Engine/textures/_4.png using Guid(6b2e8a1da482fd4468ae20b0c85e2de7) Importer(815301076,1909f56bfc062723c751e8b465ee728b)  -> (artifact id: 'd889cf0349f462c841036ec06483d441') in 0.035804 seconds
Number of updated asset objects reloaded before import = 0
Number of asset objects unloaded after import = 2
========================================================================
Received Import Request.
  Time since last request: 0.000023 seconds.
  path: Assets/Assets/Jet Engine/meshes/tube_middle_0_24_0.asset
  artifactKey: Guid(353714a95a96280478e043268669f81e) Importer(2089858483,0ecaa5967403d082aa24f35e1b516d23)
Start importing Assets/Assets/Jet Engine/meshes/tube_middle_0_24_0.asset using Guid(353714a95a96280478e043268669f81e) Importer(2089858483,0ecaa5967403d082aa24f35e1b516d23)  -> (artifact id: '86aec99f373fc651f921c1c0e664a338') in 0.012797 seconds
Number of updated asset objects reloaded before import = 0
Number of asset objects unloaded after import = 1
========================================================================
Received Import Request.
  Time since last request: 0.000024 seconds.
  path: Assets/Assets/Jet Engine/meshes/flaps_stabiliser_0_4_0.asset
  artifactKey: Guid(ca434df5c11c68147bf6c5bfba952259) Importer(2089858483,0ecaa5967403d082aa24f35e1b516d23)
Start importing Assets/Assets/Jet Engine/meshes/flaps_stabiliser_0_4_0.asset using Guid(ca434df5c11c68147bf6c5bfba952259) Importer(2089858483,0ecaa5967403d082aa24f35e1b516d23)  -> (artifact id: '1fa653a605f75ed6f91db9c74b079387') in 0.012572 seconds
Number of updated asset objects reloaded before import = 0
Number of asset objects unloaded after import = 1
========================================================================
Received Import Request.
  Time since last request: 0.000092 seconds.
  path: Assets/Assets/Jet Engine/meshes/pistons_0_12_0.asset
  artifactKey: Guid(83eb29c2b2f1a8d47915f5cf2c2e869c) Importer(2089858483,0ecaa5967403d082aa24f35e1b516d23)
Start importing Assets/Assets/Jet Engine/meshes/pistons_0_12_0.asset using Guid(83eb29c2b2f1a8d47915f5cf2c2e869c) Importer(2089858483,0ecaa5967403d082aa24f35e1b516d23)  -> (artifact id: '70a2d7d8b850d6a6808cb896cd22daf0') in 0.018674 seconds
Number of updated asset objects reloaded before import = 0
Number of asset objects unloaded after import = 1
========================================================================
Received Import Request.
  Time since last request: 0.000021 seconds.
  path: Assets/Assets/Jet Engine/meshes/tubes.002_0_27_0.asset
  artifactKey: Guid(655673b43217c7f4ea7900b5af789fc7) Importer(2089858483,0ecaa5967403d082aa24f35e1b516d23)
Start importing Assets/Assets/Jet Engine/meshes/tubes.002_0_27_0.asset using Guid(655673b43217c7f4ea7900b5af789fc7) Importer(2089858483,0ecaa5967403d082aa24f35e1b516d23)  -> (artifact id: 'eac472de973c22bfb66116621ad0d8d4') in 0.014425 seconds
Number of updated asset objects reloaded before import = 0
Number of asset objects unloaded after import = 1
========================================================================
Received Import Request.
  Time since last request: 0.000018 seconds.
  path: Assets/Assets/Jet Engine/materials/metal_scratched_1.mat
  artifactKey: Guid(8b8a852f32940e44d9093c95baaca667) Importer(2089858483,0ecaa5967403d082aa24f35e1b516d23)
Start importing Assets/Assets/Jet Engine/materials/metal_scratched_1.mat using Guid(8b8a852f32940e44d9093c95baaca667) Importer(2089858483,0ecaa5967403d082aa24f35e1b516d23)  -> (artifact id: '673d17f775794313647eb3fbcd999272') in 0.050521 seconds
Number of updated asset objects reloaded before import = 0
Number of asset objects unloaded after import = 5
========================================================================
Received Import Request.
  Time since last request: 0.000028 seconds.
  path: Assets/Assets/Jet Engine/textures/_7.png
  artifactKey: Guid(a11731f88b7be4346875bb14e869490b) Importer(2089858483,0ecaa5967403d082aa24f35e1b516d23)
Start importing Assets/Assets/Jet Engine/textures/_7.png using Guid(a11731f88b7be4346875bb14e869490b) Importer(2089858483,0ecaa5967403d082aa24f35e1b516d23)  -> (artifact id: '345437ae192838754fa6d691e9bd6e91') in 0.045433 seconds
Number of updated asset objects reloaded before import = 0
Number of asset objects unloaded after import = 1
========================================================================
Received Import Request.
  Time since last request: 0.000033 seconds.
  path: Assets/Assets/Jet Engine/meshes/flaps_ring_0_3_0.asset
  artifactKey: Guid(af56cc9f9b4b3c84aa5179b022c7f249) Importer(2089858483,0ecaa5967403d082aa24f35e1b516d23)
Start importing Assets/Assets/Jet Engine/meshes/flaps_ring_0_3_0.asset using Guid(af56cc9f9b4b3c84aa5179b022c7f249) Importer(2089858483,0ecaa5967403d082aa24f35e1b516d23)  -> (artifact id: 'ce9aa787bfbf318ad23bf3bd2976921a') in 0.012911 seconds
Number of updated asset objects reloaded before import = 0
Number of asset objects unloaded after import = 1
========================================================================
Received Import Request.
  Time since last request: 0.000022 seconds.
  path: Assets/Assets/Jet Engine/textures/_9.png
  artifactKey: Guid(b7e384a52fd59e24992ce7f22fd663c5) Importer(2089858483,0ecaa5967403d082aa24f35e1b516d23)
Start importing Assets/Assets/Jet Engine/textures/_9.png using Guid(b7e384a52fd59e24992ce7f22fd663c5) Importer(2089858483,0ecaa5967403d082aa24f35e1b516d23)  -> (artifact id: '505081a178fe1dfece5e9ee6a4857053') in 0.033149 seconds
Number of updated asset objects reloaded before import = 0
Number of asset objects unloaded after import = 1
========================================================================
Received Import Request.
  Time since last request: 0.000027 seconds.
  path: Assets/Assets/Jet Engine/textures/_1_metal.png
  artifactKey: Guid(d41fbe3b3f541574dbac149a45ce23d1) Importer(2089858483,0ecaa5967403d082aa24f35e1b516d23)
Start importing Assets/Assets/Jet Engine/textures/_1_metal.png using Guid(d41fbe3b3f541574dbac149a45ce23d1) Importer(2089858483,0ecaa5967403d082aa24f35e1b516d23)  -> (artifact id: '83f717200386fbaf8f86751b70b34fbd') in 0.032506 seconds
Number of updated asset objects reloaded before import = 0
Number of asset objects unloaded after import = 1
========================================================================
Received Import Request.
  Time since last request: 0.000018 seconds.
  path: Assets/Assets/Jet Engine/meshes/bolts_0_16_0.asset
  artifactKey: Guid(213235af5782f6c4da4be4297aca0cee) Importer(2089858483,0ecaa5967403d082aa24f35e1b516d23)
Start importing Assets/Assets/Jet Engine/meshes/bolts_0_16_0.asset using Guid(213235af5782f6c4da4be4297aca0cee) Importer(2089858483,0ecaa5967403d082aa24f35e1b516d23)  -> (artifact id: 'f1f01c2f3c6666c1bd1e990d8c710ba9') in 0.081770 seconds
Number of updated asset objects reloaded before import = 0
Number of asset objects unloaded after import = 1
========================================================================
Received Import Request.
  Time since last request: 0.000015 seconds.
  path: Assets/XR/Settings/ARKitSettings.asset
  artifactKey: Guid(cc08155d1384c1a4ba01078443be4e4b) Importer(2089858483,0ecaa5967403d082aa24f35e1b516d23)
Start importing Assets/XR/Settings/ARKitSettings.asset using Guid(cc08155d1384c1a4ba01078443be4e4b) Importer(2089858483,0ecaa5967403d082aa24f35e1b516d23)  -> (artifact id: 'ea0df70c60ef584d523e6bf457d19915') in 0.018305 seconds
Number of updated asset objects reloaded before import = 0
Number of asset objects unloaded after import = 1
========================================================================
Received Import Request.
  Time since last request: 0.000048 seconds.
  path: Assets/Assets/Jet Engine/textures/_8.png
  artifactKey: Guid(01786a90d4ba8764ca788b7500304bf5) Importer(815301076,1909f56bfc062723c751e8b465ee728b)
Start importing Assets/Assets/Jet Engine/textures/_8.png using Guid(01786a90d4ba8764ca788b7500304bf5) Importer(815301076,1909f56bfc062723c751e8b465ee728b)  -> (artifact id: 'f9b0179e7b93a7742f9052e62a7279b6') in 0.030239 seconds
Number of updated asset objects reloaded before import = 0
Number of asset objects unloaded after import = 2
========================================================================
Received Import Request.
  Time since last request: 0.000023 seconds.
  path: Assets/Assets/Jet Engine/meshes/plates_0_22_0.asset
  artifactKey: Guid(9522088123e8e7f4e8b8d8475a7ba0d2) Importer(2089858483,0ecaa5967403d082aa24f35e1b516d23)
Start importing Assets/Assets/Jet Engine/meshes/plates_0_22_0.asset using Guid(9522088123e8e7f4e8b8d8475a7ba0d2) Importer(2089858483,0ecaa5967403d082aa24f35e1b516d23)  -> (artifact id: 'ce926e02bc726be5df24364a58bad719') in 0.016784 seconds
Number of updated asset objects reloaded before import = 0
Number of asset objects unloaded after import = 1
========================================================================
Received Import Request.
  Time since last request: 0.000027 seconds.
  path: Assets/XR/XRGeneralSettingsPerBuildTarget.asset
  artifactKey: Guid(c58150560d9df1f4ca47e8d1069a0cba) Importer(2089858483,0ecaa5967403d082aa24f35e1b516d23)
Start importing Assets/XR/XRGeneralSettingsPerBuildTarget.asset using Guid(c58150560d9df1f4ca47e8d1069a0cba) Importer(2089858483,0ecaa5967403d082aa24f35e1b516d23)  -> (artifact id: 'a0a5d0415b9157ab93e3f1bd855dd8c3') in 0.021220 seconds
Number of updated asset objects reloaded before import = 0
Number of asset objects unloaded after import = 1
========================================================================
Received Prepare
Refreshing native plugins compatible for Editor in 2.79 ms, found 4 plugins.
Preloading 0 native plugins for Editor in 0.00 ms.
Unloading 8 Unused Serialized files (Serialized files now loaded: 0)
Unloading 9 unused Assets / (1.2 MB). Loaded Objects now: 4953.
Memory consumption went from 89.1 MB to 87.9 MB.
Total: 4.930500 ms (FindLiveObjects: 0.352600 ms CreateObjectMapping: 0.128800 ms MarkObjects: 3.961000 ms  DeleteObjects: 0.487300 ms)

Prepare: number of updated asset objects reloaded= 0
AssetImportParameters requested are different than current active one (requested -> active):
  custom:container-demuxer-ogg: 62fdf1f143b41e24485cea50d1cbac27 -> 
  custom:video-codec-MediaFoundation-h265: 746d11721c4dcdbdad8f713fa42b33f4 -> 
  custom:video-decoder-ogg-theora: a1e56fd34408186e4bbccfd4996cb3dc -> 
  custom:framework-win-MediaFoundation: 216162199b28c13a410421893ffa2e32 -> 
  custom:CustomObjectIndexerAttribute: 756ad292c208cfabdd7b50bc23989ffe -> 
  custom:container-demuxer-webm: 4f35f7cbe854078d1ac9338744f61a02 -> 
  custom:container-muxer-webm: aa71ff27fc2769a1b78a27578f13a17b -> 
  custom:video-decoder-webm-vp8: 9c59270c3fd7afecdb556c50c9e8de78 -> 
  custom:SearchIndexIgnoredProperties: e643bd26f0fe6173181afceb89e7c659 -> 
  custom:AudioImporter_EditorPlatform: d09bf68614088b80899f8185d706f6e7 -> 
  custom:video-encoder-webm-vp8: eb34c28f22e8b96e1ab97ce403110664 -> 
  custom:audio-decoder-ogg-vorbis: bf7c407c2cedff20999df2af8eb42d56 -> 
  custom:audio-encoder-webm-vorbis: bf7c407c2cedff20999df2af8eb42d56 -> 
Editor requested this worker to shutdown with reason: Scaling down because of idle timeout
TcpMessagingSession - receive error: operation aborted. errorcode: 995, details: The I/O operation has been aborted because of either a thread exit or an application request.
AssetImportWorker is now disconnected from the server
Process exiting
Exiting without the bug reporter. Application will terminate with return code 0